<?xml version="1.0" encoding="UTF-8"?>
<testng-results skipped="0" failed="0" ignored="0" total="1" passed="1">
  <reporter-output>
  </reporter-output>
  <suite name="com.at.automation.test.GmailLoginTest" duration-ms="15840" started-at="2017-04-22T20:33:51Z" finished-at="2017-04-22T20:34:07Z">
    <groups>
    </groups>
    <test name="Command line test" duration-ms="15840" started-at="2017-04-22T20:33:51Z" finished-at="2017-04-22T20:34:07Z">
      <class name="com.at.automation.test.GmailLoginTest">
        <test-method status="PASS" signature="testOne()[pri:0, instance:com.at.automation.test.GmailLoginTest@dfd3711]" name="testOne" duration-ms="15805" started-at="2017-04-22T23:33:51Z" finished-at="2017-04-22T23:34:07Z">
          <reporter-output>
          </reporter-output>
        </test-method> <!-- testOne -->
      </class> <!-- com.at.automation.test.GmailLoginTest -->
    </test> <!-- Command line test -->
  </suite> <!-- com.at.automation.test.GmailLoginTest -->
</testng-results>
